<?xml version="1.0" encoding="UTF-8"?>
<!-- Generated by org.testng.reporters.JUnitReportReporter -->
<testsuite hostname="DESKTOP-V4F5179" failures="0" tests="1" name="testCases.TC001_HomeTest" time="5.148" errors="0" timestamp="2025-07-01T11:59:44 IST" skipped="0">
  <testcase classname="testCases.TC001_HomeTest" name="verifyLoginPage" time="5.148"/>
</testsuite> <!-- testCases.TC001_HomeTest -->
